2020-12-20 20:34:04.802  INFO 936 --- [restartedMain] c.w.s.SimpleWebApplication               : Starting SimpleWebApplication on DESKTOP-VTPJ9DE with PID 936 (C:\Users\nabi\IdeaProjects\SimpleShopJavaMVC\target\classes started by nabi in C:\Users\nabi\IdeaProjects\SimpleShopJavaMVC)
2020-12-20 20:34:04.808  INFO 936 --- [restartedMain] c.w.s.SimpleWebApplication               : No active profile set, falling back to default profiles: default
2020-12-20 20:34:04.912  INFO 936 --- [restartedMain] o.s.b.devtools.restart.ChangeableUrls    : The Class-Path manifest attribute in C:\Users\nabi\.m2\repository\com\sun\xml\bind\jaxb-impl\2.3.0\jaxb-impl-2.3.0.jar referenced one or more files that do not exist: file:/C:/Users/nabi/.m2/repository/com/sun/xml/bind/jaxb-impl/2.3.0/jaxb-core.jar
2020-12-20 20:34:04.920  INFO 936 --- [restartedMain] o.s.b.devtools.restart.ChangeableUrls    : The Class-Path manifest attribute in C:\Users\nabi\.m2\repository\com\sun\xml\bind\jaxb-core\2.3.0\jaxb-core-2.3.0.jar referenced one or more files that do not exist: file:/C:/Users/nabi/.m2/repository/com/sun/xml/bind/jaxb-core/2.3.0/jaxb-api.jar
2020-12-20 20:34:04.921  INFO 936 --- [restartedMain] .e.DevToolsPropertyDefaultsPostProcessor : Devtools property defaults active! Set 'spring.devtools.add-properties' to 'false' to disable
2020-12-20 20:34:04.947  INFO 936 --- [restartedMain] .e.DevToolsPropertyDefaultsPostProcessor : For additional web related logging consider setting the 'logging.level.web' property to 'DEBUG'
2020-12-20 20:34:06.712  INFO 936 --- [restartedMain] trationDelegate$BeanPostProcessorChecker : Bean 'org.springframework.ws.config.annotation.DelegatingWsConfiguration' of type [org.springframework.ws.config.annotation.DelegatingWsConfiguration$$EnhancerBySpringCGLIB$$96f7b72f] is not eligible for getting processed by all BeanPostProcessors (for example: not eligible for auto-proxying)
2020-12-20 20:34:06.770  INFO 936 --- [restartedMain] .w.s.a.s.AnnotationActionEndpointMapping : Supporting [WS-Addressing August 2004, WS-Addressing 1.0]
2020-12-20 20:34:06.779  INFO 936 --- [restartedMain] trationDelegate$BeanPostProcessorChecker : Bean 'org.springframework.hateoas.config.HateoasConfiguration' of type [org.springframework.hateoas.config.HateoasConfiguration$$EnhancerBySpringCGLIB$$71e03f62] is not eligible for getting processed by all BeanPostProcessors (for example: not eligible for auto-proxying)
2020-12-20 20:34:06.789  INFO 936 --- [restartedMain] trationDelegate$BeanPostProcessorChecker : Bean 'relProviderPluginRegistry' of type [org.springframework.plugin.core.support.PluginRegistryFactoryBean] is not eligible for getting processed by all BeanPostProcessors (for example: not eligible for auto-proxying)
2020-12-20 20:34:06.794  INFO 936 --- [restartedMain] trationDelegate$BeanPostProcessorChecker : Bean 'relProviderPluginRegistry' of type [org.springframework.plugin.core.OrderAwarePluginRegistry] is not eligible for getting processed by all BeanPostProcessors (for example: not eligible for auto-proxying)
2020-12-20 20:34:06.795  INFO 936 --- [restartedMain] trationDelegate$BeanPostProcessorChecker : Bean '_relProvider' of type [org.springframework.hateoas.server.core.DelegatingLinkRelationProvider] is not eligible for getting processed by all BeanPostProcessors (for example: not eligible for auto-proxying)
2020-12-20 20:34:06.804  INFO 936 --- [restartedMain] trationDelegate$BeanPostProcessorChecker : Bean 'messageResolver' of type [org.springframework.hateoas.mediatype.MessageSourceResolver] is not eligible for getting processed by all BeanPostProcessors (for example: not eligible for auto-proxying)
2020-12-20 20:34:06.806  INFO 936 --- [restartedMain] trationDelegate$BeanPostProcessorChecker : Bean 'org.springframework.hateoas.mediatype.hal.HalMediaTypeConfiguration' of type [org.springframework.hateoas.mediatype.hal.HalMediaTypeConfiguration$$EnhancerBySpringCGLIB$$cbd4ce37] is not eligible for getting processed by all BeanPostProcessors (for example: not eligible for auto-proxying)
2020-12-20 20:34:06.811  INFO 936 --- [restartedMain] trationDelegate$BeanPostProcessorChecker : Bean 'org.springframework.boot.autoconfigure.jackson.JacksonAutoConfiguration$JacksonObjectMapperConfiguration' of type [org.springframework.boot.autoconfigure.jackson.JacksonAutoConfiguration$JacksonObjectMapperConfiguration] is not eligible for getting processed by all BeanPostProcessors (for example: not eligible for auto-proxying)
2020-12-20 20:34:06.812  INFO 936 --- [restartedMain] trationDelegate$BeanPostProcessorChecker : Bean 'org.springframework.boot.autoconfigure.jackson.JacksonAutoConfiguration$JacksonObjectMapperBuilderConfiguration' of type [org.springframework.boot.autoconfigure.jackson.JacksonAutoConfiguration$JacksonObjectMapperBuilderConfiguration] is not eligible for getting processed by all BeanPostProcessors (for example: not eligible for auto-proxying)
2020-12-20 20:34:06.815  INFO 936 --- [restartedMain] trationDelegate$BeanPostProcessorChecker : Bean 'org.springframework.boot.autoconfigure.jackson.JacksonAutoConfiguration$Jackson2ObjectMapperBuilderCustomizerConfiguration' of type [org.springframework.boot.autoconfigure.jackson.JacksonAutoConfiguration$Jackson2ObjectMapperBuilderCustomizerConfiguration] is not eligible for getting processed by all BeanPostProcessors (for example: not eligible for auto-proxying)
2020-12-20 20:34:06.831  INFO 936 --- [restartedMain] trationDelegate$BeanPostProcessorChecker : Bean 'spring.jackson-org.springframework.boot.autoconfigure.jackson.JacksonProperties' of type [org.springframework.boot.autoconfigure.jackson.JacksonProperties] is not eligible for getting processed by all BeanPostProcessors (for example: not eligible for auto-proxying)
2020-12-20 20:34:06.832  INFO 936 --- [restartedMain] trationDelegate$BeanPostProcessorChecker : Bean 'standardJacksonObjectMapperBuilderCustomizer' of type [org.springframework.boot.autoconfigure.jackson.JacksonAutoConfiguration$Jackson2ObjectMapperBuilderCustomizerConfiguration$StandardJackson2ObjectMapperBuilderCustomizer] is not eligible for getting processed by all BeanPostProcessors (for example: not eligible for auto-proxying)
2020-12-20 20:34:06.835  INFO 936 --- [restartedMain] trationDelegate$BeanPostProcessorChecker : Bean 'org.springframework.boot.autoconfigure.jackson.JacksonAutoConfiguration$ParameterNamesModuleConfiguration' of type [org.springframework.boot.autoconfigure.jackson.JacksonAutoConfiguration$ParameterNamesModuleConfiguration] is not eligible for getting processed by all BeanPostProcessors (for example: not eligible for auto-proxying)
2020-12-20 20:34:06.837  INFO 936 --- [restartedMain] trationDelegate$BeanPostProcessorChecker : Bean 'parameterNamesModule' of type [com.fasterxml.jackson.module.paramnames.ParameterNamesModule] is not eligible for getting processed by all BeanPostProcessors (for example: not eligible for auto-proxying)
2020-12-20 20:34:06.838  INFO 936 --- [restartedMain] trationDelegate$BeanPostProcessorChecker : Bean 'org.springframework.boot.autoconfigure.jackson.JacksonAutoConfiguration' of type [org.springframework.boot.autoconfigure.jackson.JacksonAutoConfiguration] is not eligible for getting processed by all BeanPostProcessors (for example: not eligible for auto-proxying)
2020-12-20 20:34:06.844  INFO 936 --- [restartedMain] trationDelegate$BeanPostProcessorChecker : Bean 'jsonComponentModule' of type [org.springframework.boot.jackson.JsonComponentModule] is not eligible for getting processed by all BeanPostProcessors (for example: not eligible for auto-proxying)
2020-12-20 20:34:06.844  INFO 936 --- [restartedMain] trationDelegate$BeanPostProcessorChecker : Bean 'org.springframework.data.web.config.SpringDataJacksonConfiguration' of type [org.springframework.data.web.config.SpringDataJacksonConfiguration] is not eligible for getting processed by all BeanPostProcessors (for example: not eligible for auto-proxying)
2020-12-20 20:34:06.847  INFO 936 --- [restartedMain] trationDelegate$BeanPostProcessorChecker : Bean 'jacksonGeoModule' of type [org.springframework.data.geo.GeoModule] is not eligible for getting processed by all BeanPostProcessors (for example: not eligible for auto-proxying)
2020-12-20 20:34:06.849  INFO 936 --- [restartedMain] trationDelegate$BeanPostProcessorChecker : Bean 'jacksonObjectMapperBuilder' of type [org.springframework.http.converter.json.Jackson2ObjectMapperBuilder] is not eligible for getting processed by all BeanPostProcessors (for example: not eligible for auto-proxying)
2020-12-20 20:34:06.871  INFO 936 --- [restartedMain] trationDelegate$BeanPostProcessorChecker : Bean 'jacksonObjectMapper' of type [com.fasterxml.jackson.databind.ObjectMapper] is not eligible for getting processed by all BeanPostProcessors (for example: not eligible for auto-proxying)
2020-12-20 20:34:06.896  INFO 936 --- [restartedMain] trationDelegate$BeanPostProcessorChecker : Bean 'hypermediaWebMvcConverters' of type [org.springframework.hateoas.config.WebConverters] is not eligible for getting processed by all BeanPostProcessors (for example: not eligible for auto-proxying)
2020-12-20 20:34:07.358  INFO 936 --- [restartedMain] o.s.b.w.embedded.tomcat.TomcatWebServer  : Tomcat initialized with port(s): 8080 (http)
2020-12-20 20:34:07.374  INFO 936 --- [restartedMain] o.apache.catalina.core.StandardService   : Starting service [Tomcat]
2020-12-20 20:34:07.375  INFO 936 --- [restartedMain] org.apache.catalina.core.StandardEngine  : Starting Servlet engine: [Apache Tomcat/9.0.29]
2020-12-20 20:34:07.511  INFO 936 --- [restartedMain] o.a.c.c.C.[Tomcat].[localhost].[/]       : Initializing Spring embedded WebApplicationContext
2020-12-20 20:34:07.512  INFO 936 --- [restartedMain] o.s.web.context.ContextLoader            : Root WebApplicationContext: initialization completed in 2564 ms
2020-12-20 20:34:08.210  INFO 936 --- [restartedMain] o.s.s.web.DefaultSecurityFilterChain     : Creating filter chain: any request, [org.springframework.security.web.context.request.async.WebAsyncManagerIntegrationFilter@7a4d02ca, org.springframework.security.web.context.SecurityContextPersistenceFilter@4119465f, org.springframework.security.web.header.HeaderWriterFilter@103a495e, org.springframework.security.web.authentication.logout.LogoutFilter@795c9a32, org.springframework.security.web.authentication.UsernamePasswordAuthenticationFilter@3ea0cfd, org.springframework.security.web.savedrequest.RequestCacheAwareFilter@46ff26d, org.springframework.security.web.servletapi.SecurityContextHolderAwareRequestFilter@6169eaf0, org.springframework.security.web.authentication.AnonymousAuthenticationFilter@3ff333e8, org.springframework.security.web.session.SessionManagementFilter@1bc7c2a7, org.springframework.security.web.access.ExceptionTranslationFilter@40da917e, org.springframework.security.web.access.intercept.FilterSecurityInterceptor@eecd7bd]
2020-12-20 20:34:08.804  INFO 936 --- [restartedMain] o.s.b.d.a.OptionalLiveReloadServer       : LiveReload server is running on port 35729
2020-12-20 20:34:08.860  INFO 936 --- [restartedMain] o.s.b.w.embedded.tomcat.TomcatWebServer  : Tomcat started on port(s): 8080 (http) with context path ''
2020-12-20 20:34:08.865  INFO 936 --- [restartedMain] c.w.s.SimpleWebApplication               : Started SimpleWebApplication in 4.606 seconds (JVM running for 6.512)
2020-12-20 20:34:12.056  INFO 936 --- [http-nio-8080-exec-1] o.a.c.c.C.[Tomcat].[localhost].[/]       : Initializing Spring DispatcherServlet 'dispatcherServlet'
2020-12-20 20:34:12.057  INFO 936 --- [http-nio-8080-exec-1] o.s.web.servlet.DispatcherServlet        : Initializing Servlet 'dispatcherServlet'
2020-12-20 20:34:12.084  INFO 936 --- [http-nio-8080-exec-1] o.s.web.servlet.DispatcherServlet        : Completed initialization in 27 ms
2020-12-20 20:34:12.221  INFO 936 --- [http-nio-8080-exec-1] o.hibernate.annotations.common.Version   : HCANN000001: Hibernate Commons Annotations {4.0.5.Final}
2020-12-20 20:34:12.229  INFO 936 --- [http-nio-8080-exec-1] org.hibernate.Version                    : HHH000412: Hibernate Core {4.3.8.Final}
2020-12-20 20:34:12.232  INFO 936 --- [http-nio-8080-exec-1] org.hibernate.cfg.Environment            : HHH000206: hibernate.properties not found
2020-12-20 20:34:12.234  INFO 936 --- [http-nio-8080-exec-1] org.hibernate.cfg.Environment            : HHH000021: Bytecode provider name : javassist
2020-12-20 20:34:12.255  INFO 936 --- [http-nio-8080-exec-1] org.hibernate.cfg.Configuration          : HHH000043: Configuring from resource: /hibernate.cfg.xml
2020-12-20 20:34:12.255  INFO 936 --- [http-nio-8080-exec-1] org.hibernate.cfg.Configuration          : HHH000040: Configuration resource: /hibernate.cfg.xml
2020-12-20 20:34:12.402  INFO 936 --- [http-nio-8080-exec-1] org.hibernate.cfg.Configuration          : HHH000041: Configured SessionFactory: null
2020-12-20 20:34:12.475  WARN 936 --- [http-nio-8080-exec-1] .c.i.DriverManagerConnectionProviderImpl : HHH000402: Using Hibernate built-in connection pool (not for production use!)
2020-12-20 20:34:12.479  INFO 936 --- [http-nio-8080-exec-1] .c.i.DriverManagerConnectionProviderImpl : HHH000401: using driver [com.mysql.cj.jdbc.Driver] at URL [jdbc:mysql://localhost:3306/shop?useUnicode=true&characterEncoding=UTF8&useLegacyDatetimeCode=false&serverTimezone=UTC]
2020-12-20 20:34:12.479  INFO 936 --- [http-nio-8080-exec-1] .c.i.DriverManagerConnectionProviderImpl : HHH000046: Connection properties: {password=****, user=root}
2020-12-20 20:34:12.479  INFO 936 --- [http-nio-8080-exec-1] .c.i.DriverManagerConnectionProviderImpl : HHH000006: Autocommit mode: false
2020-12-20 20:34:12.480  INFO 936 --- [http-nio-8080-exec-1] .c.i.DriverManagerConnectionProviderImpl : HHH000115: Hibernate connection pool size: 1 (min=1)
2020-12-20 20:34:13.136  INFO 936 --- [http-nio-8080-exec-1] org.hibernate.dialect.Dialect            : HHH000400: Using dialect: org.hibernate.dialect.MySQL5Dialect
2020-12-20 20:34:13.271  INFO 936 --- [http-nio-8080-exec-1] o.h.e.t.i.TransactionFactoryInitiator    : HHH000399: Using default transaction strategy (direct JDBC transactions)
2020-12-20 20:34:13.274  INFO 936 --- [http-nio-8080-exec-1] o.h.h.i.ast.ASTQueryTranslatorFactory    : HHH000397: Using ASTQueryTranslatorFactory
2020-12-20 20:34:13.430  INFO 936 --- [http-nio-8080-exec-1] org.hibernate.tuple.PojoInstantiator     : HHH000182: No default (no-argument) constructor for class: com.webshop.simplewebapplication.model.Item (class must be instantiated by Interceptor)
2020-12-20 20:34:13.506  INFO 936 --- [http-nio-8080-exec-1] org.hibernate.tool.hbm2ddl.SchemaUpdate  : HHH000228: Running hbm2ddl schema update
2020-12-20 20:34:13.506  INFO 936 --- [http-nio-8080-exec-1] org.hibernate.tool.hbm2ddl.SchemaUpdate  : HHH000102: Fetching database metadata
2020-12-20 20:34:13.509  INFO 936 --- [http-nio-8080-exec-1] org.hibernate.tool.hbm2ddl.SchemaUpdate  : HHH000396: Updating schema
2020-12-20 20:34:13.610  INFO 936 --- [http-nio-8080-exec-1] o.hibernate.tool.hbm2ddl.TableMetadata   : HHH000261: Table found: shop.device
2020-12-20 20:34:13.610  INFO 936 --- [http-nio-8080-exec-1] o.hibernate.tool.hbm2ddl.TableMetadata   : HHH000037: Columns: [name, id, device]
2020-12-20 20:34:13.611  INFO 936 --- [http-nio-8080-exec-1] o.hibernate.tool.hbm2ddl.TableMetadata   : HHH000108: Foreign keys: []
2020-12-20 20:34:13.611  INFO 936 --- [http-nio-8080-exec-1] o.hibernate.tool.hbm2ddl.TableMetadata   : HHH000126: Indexes: [primary]
2020-12-20 20:34:13.870  INFO 936 --- [http-nio-8080-exec-1] o.hibernate.tool.hbm2ddl.TableMetadata   : HHH000261: Table found: shop.device_item
2020-12-20 20:34:13.871  INFO 936 --- [http-nio-8080-exec-1] o.hibernate.tool.hbm2ddl.TableMetadata   : HHH000037: Columns: [device_id, item_id, id]
2020-12-20 20:34:13.872  INFO 936 --- [http-nio-8080-exec-1] o.hibernate.tool.hbm2ddl.TableMetadata   : HHH000108: Foreign keys: [fk_4mkgcjnvs8qgfsd15ark8sny1, fk_m8p6neffetri8u5cl1h8smqke]
2020-12-20 20:34:13.872  INFO 936 --- [http-nio-8080-exec-1] o.hibernate.tool.hbm2ddl.TableMetadata   : HHH000126: Indexes: [fk_4mkgcjnvs8qgfsd15ark8sny1, fk_m8p6neffetri8u5cl1h8smqke, primary]
2020-12-20 20:34:13.927  INFO 936 --- [http-nio-8080-exec-1] o.hibernate.tool.hbm2ddl.TableMetadata   : HHH000261: Table found: shop.garanty
2020-12-20 20:34:13.928  INFO 936 --- [http-nio-8080-exec-1] o.hibernate.tool.hbm2ddl.TableMetadata   : HHH000037: Columns: [name, id]
2020-12-20 20:34:13.928  INFO 936 --- [http-nio-8080-exec-1] o.hibernate.tool.hbm2ddl.TableMetadata   : HHH000108: Foreign keys: []
2020-12-20 20:34:13.929  INFO 936 --- [http-nio-8080-exec-1] o.hibernate.tool.hbm2ddl.TableMetadata   : HHH000126: Indexes: [primary]
2020-12-20 20:34:14.044  INFO 936 --- [http-nio-8080-exec-1] o.hibernate.tool.hbm2ddl.TableMetadata   : HHH000261: Table found: shop.item
2020-12-20 20:34:14.045  INFO 936 --- [http-nio-8080-exec-1] o.hibernate.tool.hbm2ddl.TableMetadata   : HHH000037: Columns: [device_id, phone, price, name, id, garanty_id, status, myuser_id]
2020-12-20 20:34:14.045  INFO 936 --- [http-nio-8080-exec-1] o.hibernate.tool.hbm2ddl.TableMetadata   : HHH000108: Foreign keys: [fk_j1hkql9ryqrn8bhbn7b8tt7v5, fk_905u6es3lnf3lgbihnq6ed7b1, fk_9sqfwjv0j9jvr3jvun37n5i66]
2020-12-20 20:34:14.045  INFO 936 --- [http-nio-8080-exec-1] o.hibernate.tool.hbm2ddl.TableMetadata   : HHH000126: Indexes: [fk_905u6es3lnf3lgbihnq6ed7b1, fk_j1hkql9ryqrn8bhbn7b8tt7v5, primary, fk_9sqfwjv0j9jvr3jvun37n5i66]
2020-12-20 20:34:14.161  INFO 936 --- [http-nio-8080-exec-1] o.hibernate.tool.hbm2ddl.TableMetadata   : HHH000261: Table found: shop.my_user
2020-12-20 20:34:14.162  INFO 936 --- [http-nio-8080-exec-1] o.hibernate.tool.hbm2ddl.TableMetadata   : HHH000037: Columns: [password, device_id, id, login]
2020-12-20 20:34:14.162  INFO 936 --- [http-nio-8080-exec-1] o.hibernate.tool.hbm2ddl.TableMetadata   : HHH000108: Foreign keys: [fk_corrp7hpuax9ny7l1gk2x4vxw]
2020-12-20 20:34:14.162  INFO 936 --- [http-nio-8080-exec-1] o.hibernate.tool.hbm2ddl.TableMetadata   : HHH000126: Indexes: [fk_corrp7hpuax9ny7l1gk2x4vxw, primary]
2020-12-20 20:34:14.164  INFO 936 --- [http-nio-8080-exec-1] org.hibernate.tool.hbm2ddl.SchemaUpdate  : HHH000232: Schema update complete
2020-12-20 20:34:14.286  INFO 936 --- [http-nio-8080-exec-1] c.w.s.controller.ListController          : Got all items
2020-12-20 20:34:28.690  INFO 936 --- [http-nio-8080-exec-3] c.w.s.controller.RegistrationController  : Created user with login: nabi
2020-12-20 20:34:45.456  INFO 936 --- [http-nio-8080-exec-1] c.w.s.controller.RegistrationController  : Created user with login: nabi
2020-12-20 20:38:50.720  INFO 5648 --- [restartedMain] c.w.s.SimpleWebApplication               : Starting SimpleWebApplication on DESKTOP-VTPJ9DE with PID 5648 (C:\Users\nabi\IdeaProjects\SimpleShopJavaMVC\target\classes started by nabi in C:\Users\nabi\IdeaProjects\SimpleShopJavaMVC)
2020-12-20 20:38:50.731  INFO 5648 --- [restartedMain] c.w.s.SimpleWebApplication               : No active profile set, falling back to default profiles: default
2020-12-20 20:38:50.830  INFO 5648 --- [restartedMain] o.s.b.devtools.restart.ChangeableUrls    : The Class-Path manifest attribute in C:\Users\nabi\.m2\repository\com\sun\xml\bind\jaxb-impl\2.3.0\jaxb-impl-2.3.0.jar referenced one or more files that do not exist: file:/C:/Users/nabi/.m2/repository/com/sun/xml/bind/jaxb-impl/2.3.0/jaxb-core.jar
2020-12-20 20:38:50.831  INFO 5648 --- [restartedMain] o.s.b.devtools.restart.ChangeableUrls    : The Class-Path manifest attribute in C:\Users\nabi\.m2\repository\com\sun\xml\bind\jaxb-core\2.3.0\jaxb-core-2.3.0.jar referenced one or more files that do not exist: file:/C:/Users/nabi/.m2/repository/com/sun/xml/bind/jaxb-core/2.3.0/jaxb-api.jar
2020-12-20 20:38:50.832  INFO 5648 --- [restartedMain] .e.DevToolsPropertyDefaultsPostProcessor : Devtools property defaults active! Set 'spring.devtools.add-properties' to 'false' to disable
2020-12-20 20:38:50.833  INFO 5648 --- [restartedMain] .e.DevToolsPropertyDefaultsPostProcessor : For additional web related logging consider setting the 'logging.level.web' property to 'DEBUG'
2020-12-20 20:38:52.913  INFO 5648 --- [restartedMain] trationDelegate$BeanPostProcessorChecker : Bean 'org.springframework.ws.config.annotation.DelegatingWsConfiguration' of type [org.springframework.ws.config.annotation.DelegatingWsConfiguration$$EnhancerBySpringCGLIB$$2ab5dd08] is not eligible for getting processed by all BeanPostProcessors (for example: not eligible for auto-proxying)
2020-12-20 20:38:52.996  INFO 5648 --- [restartedMain] .w.s.a.s.AnnotationActionEndpointMapping : Supporting [WS-Addressing August 2004, WS-Addressing 1.0]
2020-12-20 20:38:53.009  INFO 5648 --- [restartedMain] trationDelegate$BeanPostProcessorChecker : Bean 'org.springframework.hateoas.config.HateoasConfiguration' of type [org.springframework.hateoas.config.HateoasConfiguration$$EnhancerBySpringCGLIB$$59e653b] is not eligible for getting processed by all BeanPostProcessors (for example: not eligible for auto-proxying)
2020-12-20 20:38:53.024  INFO 5648 --- [restartedMain] trationDelegate$BeanPostProcessorChecker : Bean 'relProviderPluginRegistry' of type [org.springframework.plugin.core.support.PluginRegistryFactoryBean] is not eligible for getting processed by all BeanPostProcessors (for example: not eligible for auto-proxying)
2020-12-20 20:38:53.028  INFO 5648 --- [restartedMain] trationDelegate$BeanPostProcessorChecker : Bean 'relProviderPluginRegistry' of type [org.springframework.plugin.core.OrderAwarePluginRegistry] is not eligible for getting processed by all BeanPostProcessors (for example: not eligible for auto-proxying)
2020-12-20 20:38:53.030  INFO 5648 --- [restartedMain] trationDelegate$BeanPostProcessorChecker : Bean '_relProvider' of type [org.springframework.hateoas.server.core.DelegatingLinkRelationProvider] is not eligible for getting processed by all BeanPostProcessors (for example: not eligible for auto-proxying)
2020-12-20 20:38:53.038  INFO 5648 --- [restartedMain] trationDelegate$BeanPostProcessorChecker : Bean 'messageResolver' of type [org.springframework.hateoas.mediatype.MessageSourceResolver] is not eligible for getting processed by all BeanPostProcessors (for example: not eligible for auto-proxying)
2020-12-20 20:38:53.040  INFO 5648 --- [restartedMain] trationDelegate$BeanPostProcessorChecker : Bean 'org.springframework.hateoas.mediatype.hal.HalMediaTypeConfiguration' of type [org.springframework.hateoas.mediatype.hal.HalMediaTypeConfiguration$$EnhancerBySpringCGLIB$$5f92f410] is not eligible for getting processed by all BeanPostProcessors (for example: not eligible for auto-proxying)
2020-12-20 20:38:53.046  INFO 5648 --- [restartedMain] trationDelegate$BeanPostProcessorChecker : Bean 'org.springframework.boot.autoconfigure.jackson.JacksonAutoConfiguration$JacksonObjectMapperConfiguration' of type [org.springframework.boot.autoconfigure.jackson.JacksonAutoConfiguration$JacksonObjectMapperConfiguration] is not eligible for getting processed by all BeanPostProcessors (for example: not eligible for auto-proxying)
2020-12-20 20:38:53.049  INFO 5648 --- [restartedMain] trationDelegate$BeanPostProcessorChecker : Bean 'org.springframework.boot.autoconfigure.jackson.JacksonAutoConfiguration$JacksonObjectMapperBuilderConfiguration' of type [org.springframework.boot.autoconfigure.jackson.JacksonAutoConfiguration$JacksonObjectMapperBuilderConfiguration] is not eligible for getting processed by all BeanPostProcessors (for example: not eligible for auto-proxying)
2020-12-20 20:38:53.053  INFO 5648 --- [restartedMain] trationDelegate$BeanPostProcessorChecker : Bean 'org.springframework.boot.autoconfigure.jackson.JacksonAutoConfiguration$Jackson2ObjectMapperBuilderCustomizerConfiguration' of type [org.springframework.boot.autoconfigure.jackson.JacksonAutoConfiguration$Jackson2ObjectMapperBuilderCustomizerConfiguration] is not eligible for getting processed by all BeanPostProcessors (for example: not eligible for auto-proxying)
2020-12-20 20:38:53.071  INFO 5648 --- [restartedMain] trationDelegate$BeanPostProcessorChecker : Bean 'spring.jackson-org.springframework.boot.autoconfigure.jackson.JacksonProperties' of type [org.springframework.boot.autoconfigure.jackson.JacksonProperties] is not eligible for getting processed by all BeanPostProcessors (for example: not eligible for auto-proxying)
2020-12-20 20:38:53.072  INFO 5648 --- [restartedMain] trationDelegate$BeanPostProcessorChecker : Bean 'standardJacksonObjectMapperBuilderCustomizer' of type [org.springframework.boot.autoconfigure.jackson.JacksonAutoConfiguration$Jackson2ObjectMapperBuilderCustomizerConfiguration$StandardJackson2ObjectMapperBuilderCustomizer] is not eligible for getting processed by all BeanPostProcessors (for example: not eligible for auto-proxying)
2020-12-20 20:38:53.074  INFO 5648 --- [restartedMain] trationDelegate$BeanPostProcessorChecker : Bean 'org.springframework.boot.autoconfigure.jackson.JacksonAutoConfiguration$ParameterNamesModuleConfiguration' of type [org.springframework.boot.autoconfigure.jackson.JacksonAutoConfiguration$ParameterNamesModuleConfiguration] is not eligible for getting processed by all BeanPostProcessors (for example: not eligible for auto-proxying)
2020-12-20 20:38:53.077  INFO 5648 --- [restartedMain] trationDelegate$BeanPostProcessorChecker : Bean 'parameterNamesModule' of type [com.fasterxml.jackson.module.paramnames.ParameterNamesModule] is not eligible for getting processed by all BeanPostProcessors (for example: not eligible for auto-proxying)
2020-12-20 20:38:53.077  INFO 5648 --- [restartedMain] trationDelegate$BeanPostProcessorChecker : Bean 'org.springframework.boot.autoconfigure.jackson.JacksonAutoConfiguration' of type [org.springframework.boot.autoconfigure.jackson.JacksonAutoConfiguration] is not eligible for getting processed by all BeanPostProcessors (for example: not eligible for auto-proxying)
2020-12-20 20:38:53.085  INFO 5648 --- [restartedMain] trationDelegate$BeanPostProcessorChecker : Bean 'jsonComponentModule' of type [org.springframework.boot.jackson.JsonComponentModule] is not eligible for getting processed by all BeanPostProcessors (for example: not eligible for auto-proxying)
2020-12-20 20:38:53.087  INFO 5648 --- [restartedMain] trationDelegate$BeanPostProcessorChecker : Bean 'org.springframework.data.web.config.SpringDataJacksonConfiguration' of type [org.springframework.data.web.config.SpringDataJacksonConfiguration] is not eligible for getting processed by all BeanPostProcessors (for example: not eligible for auto-proxying)
2020-12-20 20:38:53.090  INFO 5648 --- [restartedMain] trationDelegate$BeanPostProcessorChecker : Bean 'jacksonGeoModule' of type [org.springframework.data.geo.GeoModule] is not eligible for getting processed by all BeanPostProcessors (for example: not eligible for auto-proxying)
2020-12-20 20:38:53.093  INFO 5648 --- [restartedMain] trationDelegate$BeanPostProcessorChecker : Bean 'jacksonObjectMapperBuilder' of type [org.springframework.http.converter.json.Jackson2ObjectMapperBuilder] is not eligible for getting processed by all BeanPostProcessors (for example: not eligible for auto-proxying)
2020-12-20 20:38:53.115  INFO 5648 --- [restartedMain] trationDelegate$BeanPostProcessorChecker : Bean 'jacksonObjectMapper' of type [com.fasterxml.jackson.databind.ObjectMapper] is not eligible for getting processed by all BeanPostProcessors (for example: not eligible for auto-proxying)
2020-12-20 20:38:53.194  INFO 5648 --- [restartedMain] trationDelegate$BeanPostProcessorChecker : Bean 'hypermediaWebMvcConverters' of type [org.springframework.hateoas.config.WebConverters] is not eligible for getting processed by all BeanPostProcessors (for example: not eligible for auto-proxying)
2020-12-20 20:38:54.096  INFO 5648 --- [restartedMain] o.s.b.w.embedded.tomcat.TomcatWebServer  : Tomcat initialized with port(s): 8080 (http)
2020-12-20 20:38:54.106  INFO 5648 --- [restartedMain] o.apache.catalina.core.StandardService   : Starting service [Tomcat]
2020-12-20 20:38:54.106  INFO 5648 --- [restartedMain] org.apache.catalina.core.StandardEngine  : Starting Servlet engine: [Apache Tomcat/9.0.29]
2020-12-20 20:38:54.450  INFO 5648 --- [restartedMain] o.a.c.c.C.[Tomcat].[localhost].[/]       : Initializing Spring embedded WebApplicationContext
2020-12-20 20:38:54.453  INFO 5648 --- [restartedMain] o.s.web.context.ContextLoader            : Root WebApplicationContext: initialization completed in 3620 ms
2020-12-20 20:38:55.439  INFO 5648 --- [restartedMain] o.s.s.web.DefaultSecurityFilterChain     : Creating filter chain: any request, [org.springframework.security.web.context.request.async.WebAsyncManagerIntegrationFilter@7d2ec711, org.springframework.security.web.context.SecurityContextPersistenceFilter@73c9a7ba, org.springframework.security.web.header.HeaderWriterFilter@19bb4176, org.springframework.security.web.authentication.logout.LogoutFilter@24342a5d, org.springframework.security.web.authentication.UsernamePasswordAuthenticationFilter@189504d, org.springframework.security.web.savedrequest.RequestCacheAwareFilter@3bfe3eb9, org.springframework.security.web.servletapi.SecurityContextHolderAwareRequestFilter@361ec971, org.springframework.security.web.authentication.AnonymousAuthenticationFilter@783ebd62, org.springframework.security.web.session.SessionManagementFilter@700f1616, org.springframework.security.web.access.ExceptionTranslationFilter@67e11dfd, org.springframework.security.web.access.intercept.FilterSecurityInterceptor@2f7c656a]
2020-12-20 20:38:56.073  INFO 5648 --- [restartedMain] o.s.b.d.a.OptionalLiveReloadServer       : LiveReload server is running on port 35729
2020-12-20 20:38:56.148  INFO 5648 --- [restartedMain] o.s.b.w.embedded.tomcat.TomcatWebServer  : Tomcat started on port(s): 8080 (http) with context path ''
2020-12-20 20:38:56.158  INFO 5648 --- [restartedMain] c.w.s.SimpleWebApplication               : Started SimpleWebApplication in 6.259 seconds (JVM running for 8.463)
2020-12-20 20:39:01.991  INFO 5648 --- [http-nio-8080-exec-1] o.a.c.c.C.[Tomcat].[localhost].[/]       : Initializing Spring DispatcherServlet 'dispatcherServlet'
2020-12-20 20:39:01.992  INFO 5648 --- [http-nio-8080-exec-1] o.s.web.servlet.DispatcherServlet        : Initializing Servlet 'dispatcherServlet'
2020-12-20 20:39:02.011  INFO 5648 --- [http-nio-8080-exec-1] o.s.web.servlet.DispatcherServlet        : Completed initialization in 19 ms
2020-12-20 20:39:05.044  INFO 5648 --- [http-nio-8080-exec-4] o.hibernate.annotations.common.Version   : HCANN000001: Hibernate Commons Annotations {4.0.5.Final}
2020-12-20 20:39:05.050  INFO 5648 --- [http-nio-8080-exec-4] org.hibernate.Version                    : HHH000412: Hibernate Core {4.3.8.Final}
2020-12-20 20:39:05.054  INFO 5648 --- [http-nio-8080-exec-4] org.hibernate.cfg.Environment            : HHH000206: hibernate.properties not found
2020-12-20 20:39:05.056  INFO 5648 --- [http-nio-8080-exec-4] org.hibernate.cfg.Environment            : HHH000021: Bytecode provider name : javassist
2020-12-20 20:39:05.086  INFO 5648 --- [http-nio-8080-exec-4] org.hibernate.cfg.Configuration          : HHH000043: Configuring from resource: /hibernate.cfg.xml
2020-12-20 20:39:05.087  INFO 5648 --- [http-nio-8080-exec-4] org.hibernate.cfg.Configuration          : HHH000040: Configuration resource: /hibernate.cfg.xml
2020-12-20 20:39:05.189  INFO 5648 --- [http-nio-8080-exec-4] org.hibernate.cfg.Configuration          : HHH000041: Configured SessionFactory: null
2020-12-20 20:39:05.333  WARN 5648 --- [http-nio-8080-exec-4] .c.i.DriverManagerConnectionProviderImpl : HHH000402: Using Hibernate built-in connection pool (not for production use!)
2020-12-20 20:39:05.339  INFO 5648 --- [http-nio-8080-exec-4] .c.i.DriverManagerConnectionProviderImpl : HHH000401: using driver [com.mysql.cj.jdbc.Driver] at URL [jdbc:mysql://localhost:3306/shop?useUnicode=true&characterEncoding=UTF8&useLegacyDatetimeCode=false&serverTimezone=UTC]
2020-12-20 20:39:05.340  INFO 5648 --- [http-nio-8080-exec-4] .c.i.DriverManagerConnectionProviderImpl : HHH000046: Connection properties: {password=****, user=root}
2020-12-20 20:39:05.341  INFO 5648 --- [http-nio-8080-exec-4] .c.i.DriverManagerConnectionProviderImpl : HHH000006: Autocommit mode: false
2020-12-20 20:39:05.343  INFO 5648 --- [http-nio-8080-exec-4] .c.i.DriverManagerConnectionProviderImpl : HHH000115: Hibernate connection pool size: 1 (min=1)
2020-12-20 20:39:05.985  INFO 5648 --- [http-nio-8080-exec-4] org.hibernate.dialect.Dialect            : HHH000400: Using dialect: org.hibernate.dialect.MySQL5Dialect
2020-12-20 20:39:06.147  INFO 5648 --- [http-nio-8080-exec-4] o.h.e.t.i.TransactionFactoryInitiator    : HHH000399: Using default transaction strategy (direct JDBC transactions)
2020-12-20 20:39:06.152  INFO 5648 --- [http-nio-8080-exec-4] o.h.h.i.ast.ASTQueryTranslatorFactory    : HHH000397: Using ASTQueryTranslatorFactory
2020-12-20 20:39:06.435  INFO 5648 --- [http-nio-8080-exec-4] org.hibernate.tuple.PojoInstantiator     : HHH000182: No default (no-argument) constructor for class: com.webshop.simplewebapplication.model.Item (class must be instantiated by Interceptor)
2020-12-20 20:39:06.581  INFO 5648 --- [http-nio-8080-exec-4] org.hibernate.tool.hbm2ddl.SchemaUpdate  : HHH000228: Running hbm2ddl schema update
2020-12-20 20:39:06.581  INFO 5648 --- [http-nio-8080-exec-4] org.hibernate.tool.hbm2ddl.SchemaUpdate  : HHH000102: Fetching database metadata
2020-12-20 20:39:06.585  INFO 5648 --- [http-nio-8080-exec-4] org.hibernate.tool.hbm2ddl.SchemaUpdate  : HHH000396: Updating schema
2020-12-20 20:39:06.652  INFO 5648 --- [http-nio-8080-exec-4] o.hibernate.tool.hbm2ddl.TableMetadata   : HHH000261: Table found: shop.device
2020-12-20 20:39:06.652  INFO 5648 --- [http-nio-8080-exec-4] o.hibernate.tool.hbm2ddl.TableMetadata   : HHH000037: Columns: [name, id, device]
2020-12-20 20:39:06.652  INFO 5648 --- [http-nio-8080-exec-4] o.hibernate.tool.hbm2ddl.TableMetadata   : HHH000108: Foreign keys: []
2020-12-20 20:39:06.653  INFO 5648 --- [http-nio-8080-exec-4] o.hibernate.tool.hbm2ddl.TableMetadata   : HHH000126: Indexes: [primary]
2020-12-20 20:39:06.683  INFO 5648 --- [http-nio-8080-exec-4] o.hibernate.tool.hbm2ddl.TableMetadata   : HHH000261: Table found: shop.device_item
2020-12-20 20:39:06.683  INFO 5648 --- [http-nio-8080-exec-4] o.hibernate.tool.hbm2ddl.TableMetadata   : HHH000037: Columns: [device_id, item_id, id]
2020-12-20 20:39:06.683  INFO 5648 --- [http-nio-8080-exec-4] o.hibernate.tool.hbm2ddl.TableMetadata   : HHH000108: Foreign keys: [fk_4mkgcjnvs8qgfsd15ark8sny1, fk_m8p6neffetri8u5cl1h8smqke]
2020-12-20 20:39:06.683  INFO 5648 --- [http-nio-8080-exec-4] o.hibernate.tool.hbm2ddl.TableMetadata   : HHH000126: Indexes: [fk_4mkgcjnvs8qgfsd15ark8sny1, fk_m8p6neffetri8u5cl1h8smqke, primary]
2020-12-20 20:39:06.705  INFO 5648 --- [http-nio-8080-exec-4] o.hibernate.tool.hbm2ddl.TableMetadata   : HHH000261: Table found: shop.garanty
2020-12-20 20:39:06.705  INFO 5648 --- [http-nio-8080-exec-4] o.hibernate.tool.hbm2ddl.TableMetadata   : HHH000037: Columns: [name, id]
2020-12-20 20:39:06.705  INFO 5648 --- [http-nio-8080-exec-4] o.hibernate.tool.hbm2ddl.TableMetadata   : HHH000108: Foreign keys: []
2020-12-20 20:39:06.705  INFO 5648 --- [http-nio-8080-exec-4] o.hibernate.tool.hbm2ddl.TableMetadata   : HHH000126: Indexes: [primary]
2020-12-20 20:39:07.349  INFO 5648 --- [http-nio-8080-exec-4] o.hibernate.tool.hbm2ddl.TableMetadata   : HHH000261: Table found: shop.item
2020-12-20 20:39:07.350  INFO 5648 --- [http-nio-8080-exec-4] o.hibernate.tool.hbm2ddl.TableMetadata   : HHH000037: Columns: [device_id, phone, price, name, id, garanty_id, status, myuser_id]
2020-12-20 20:39:07.350  INFO 5648 --- [http-nio-8080-exec-4] o.hibernate.tool.hbm2ddl.TableMetadata   : HHH000108: Foreign keys: [fk_j1hkql9ryqrn8bhbn7b8tt7v5, fk_905u6es3lnf3lgbihnq6ed7b1, fk_9sqfwjv0j9jvr3jvun37n5i66]
2020-12-20 20:39:07.350  INFO 5648 --- [http-nio-8080-exec-4] o.hibernate.tool.hbm2ddl.TableMetadata   : HHH000126: Indexes: [fk_905u6es3lnf3lgbihnq6ed7b1, fk_j1hkql9ryqrn8bhbn7b8tt7v5, primary, fk_9sqfwjv0j9jvr3jvun37n5i66]
2020-12-20 20:39:07.429  INFO 5648 --- [http-nio-8080-exec-4] o.hibernate.tool.hbm2ddl.TableMetadata   : HHH000261: Table found: shop.my_user
2020-12-20 20:39:07.430  INFO 5648 --- [http-nio-8080-exec-4] o.hibernate.tool.hbm2ddl.TableMetadata   : HHH000037: Columns: [password, device_id, id, login]
2020-12-20 20:39:07.430  INFO 5648 --- [http-nio-8080-exec-4] o.hibernate.tool.hbm2ddl.TableMetadata   : HHH000108: Foreign keys: [fk_corrp7hpuax9ny7l1gk2x4vxw]
2020-12-20 20:39:07.430  INFO 5648 --- [http-nio-8080-exec-4] o.hibernate.tool.hbm2ddl.TableMetadata   : HHH000126: Indexes: [fk_corrp7hpuax9ny7l1gk2x4vxw, primary]
2020-12-20 20:39:07.431  INFO 5648 --- [http-nio-8080-exec-4] org.hibernate.tool.hbm2ddl.SchemaUpdate  : HHH000232: Schema update complete
2020-12-20 20:39:07.601  INFO 5648 --- [http-nio-8080-exec-4] c.w.s.controller.ListController          : Got all items
2020-12-20 20:39:17.349  INFO 5648 --- [http-nio-8080-exec-7] c.w.s.controller.RegistrationController  : Created user with login: nabi
2020-12-20 20:39:25.150  INFO 5648 --- [http-nio-8080-exec-10] c.w.s.controller.ListController          : Got all items
